20140620.2223.44 info  MUD            CoffeeMud v5.8.2
20140620.2223.44 info  MUD            (C) 2000-2014 Bo Zimmerman
20140620.2223.44 info  MUD            http://www.coffeemud.org
20140620.2223.44 info  HOST0          Disabled subsystems: COMMAND_POSE, QUITREASON, RETIREREASON, LEVELS, EXPERIENCE, RACES, CLASSES, HUNGER, THIRST, ALLERGIES, AUTODISEASE, STATS
20140620.2223.44 info  MUD@5555       MUD Server started on port: 5555
20140620.2223.44 info  HOST0          Connected to jdbc:mysql://localhost/coffeemud582
20140620.2223.44 debug HOST0          SSL not configured.
20140620.2223.44 debug HOST0          SSL not configured.
20140620.2223.44 error SMTP           Set your coffeemud.ini parameter: DOMAIN
20140620.2223.44 info  mweb-pub0      Started http pub0 on port 27744
20140620.2223.44 error mweb-pub0      Port 80: Address already in use: bind
20140620.2223.44 info  mweb-admin0    Started http admin0 on port 27777
20140620.2223.44 debug mweb-pub0Timeo Timeout Thread started
20140620.2223.44 debug mweb-admin0Tim Timeout Thread started
20140620.2223.45 info  HOST0          WebMacros loaded  : 171
20140620.2223.46 info  HOST0          MOB Types loaded  : 106
20140620.2223.46 info  HOST0          Exit Types loaded : 27
20140620.2223.46 info  HOST0          Area Types loaded : 12
20140620.2223.46 info  HOST0          Locales loaded    : 97
20140620.2223.46 info  HOST0          Fighter Skills    : 117
20140620.2223.47 info  HOST0          Chants loaded     : 248
20140620.2223.47 info  HOST0          Languages loaded  : 19
20140620.2223.47 info  HOST0          Properties loaded : 218
20140620.2223.47 info  HOST0          Prayers loaded    : 242
20140620.2223.48 info  HOST0          Skills loaded     : 272
20140620.2223.48 info  HOST0          Songs loaded      : 140
20140620.2223.49 info  HOST0          Spells loaded     : 342
20140620.2223.49 info  HOST0          Heroics loaded    : 6
20140620.2223.49 info  HOST0          Tech Skills loaded: 2
20140620.2223.49 info  HOST0          Traps loaded      : 75
20140620.2223.49 info  HOST0          Basic Items loaded: 103
20140620.2223.49 info  HOST0          Weapons loaded    : 57
20140620.2223.49 info  HOST0          Armor loaded      : 47
20140620.2223.49 info  HOST0          Magic Items loaded: 41
20140620.2223.49 info  HOST0          Clan Items loaded : 19
20140620.2223.49 info  HOST0          Electronics loaded: 52
20140620.2223.50 info  HOST0          Behaviors loaded  : 94
20140620.2223.50 info  HOST0          Commands loaded   : 267
20140620.2223.50 info  HOST0          Races loaded      : 171
20140620.2223.50 info  HOST0          Classes loaded    : 48
20140620.2223.52 info  HOST0          Expertises defined: 1548
20140620.2223.52 info  HOST0          Channels loaded   : 20
20140620.2223.52 info  HOST0          Socials loaded    : 308
20140620.2223.52 info  HOST0          Clans loaded      : 0
20140620.2223.52 info  CM1Server0@277 Started CM1Server0@27733 on port 27733
20140620.2223.52 info  I3Server       InterMud3 Core (c)1996 George Reese
20140620.2223.52 error Intermud       Please set ADMINEMAIL in your coffeemud.ini file.
20140620.2223.52 info  Intermud3      I3 client connection: 204.209.44.3@8080
20140620.2223.52 info  I3Server       InterMud3 Server started on port 27766
20140620.2223.52 info  HOST0          Loading catalog...
20140620.2223.52 info  HOST0          Loading map...
20140620.2223.52 info  HOST0          Preparing map...
20140620.2223.52 info  HOST0          Mapped rooms      : 9 in 2 areas
20140620.2223.52 info  HOST0          Services and utilities started
20140620.2223.52 info  HOST0          Host#0 initializated.
20140620.2223.53 info  MUD            Initialization complete.
20140620.2224.52 info  Worker0#5      Connection from 127.0.0.1
20140620.2225.02 info  Worker0#5      127.0.0.1 mushclient MXP CMP ANSI, character login: Vic
20140620.2227.06 info  Rooms          Vic unlinked direction North from room MafiaTest2#4.
20140620.2227.06 info  Exits          MafiaTest2#4 exits destroyed by Vic.
20140620.2227.19 info  Exits          MafiaTest2#4 exits changed by Vic.
20140620.2230.21 info  Rooms          Vic modified room MafiaTest2#4.
20140620.2230.28 info  Exits          MafiaTest2#4 exits changed by Vic.
20140620.2232.57 error Intermud       Please set ADMINEMAIL in your coffeemud.ini file.
20140621.0000.16 error Intermud       204.209.44.3: 8080: Network is unreachable: connect
20140621.0000.16 error InterMud       384-Connection reset
20140621.0001.04 error I3SaveTick     No I3 response received in 2 hour(s), 37 minute(s), 12 second(s), 240 milliseconds. Connected=false
20140621.0001.05 info  I3Server       InterMud3 Core (c)1996 George Reese
20140621.0001.05 error Intermud       Please set ADMINEMAIL in your coffeemud.ini file.
20140621.0001.05 error Intermud       204.209.44.3: 8080: No route to host: connect
20140621.0001.05 info  I3Server       InterMud3 Server started on port 27766
20140621.0001.05 error I3SaveTick     Restarted your Intermud system.  To stop receiving these messages, DISABLE the I3 system.
20140621.0103.04 error I3SaveTick     No I3 response received in 1 hour(s), 2 minute(s), 60 second(s), 853 milliseconds. Connected=false
20140621.0103.04 info  I3Server       InterMud3 Core (c)1996 George Reese
20140621.0103.04 error Intermud       Please set ADMINEMAIL in your coffeemud.ini file.
20140621.0103.04 error Intermud       204.209.44.3: 8080: No route to host: connect
20140621.0103.04 info  I3Server       InterMud3 Server started on port 27766
20140621.0103.04 error I3SaveTick     Restarted your Intermud system.  To stop receiving these messages, DISABLE the I3 system.
20140621.0203.04 error I3SaveTick     No I3 response received in 1 hour(s), 1 milliseconds. Connected=false
20140621.0203.04 info  I3Server       InterMud3 Core (c)1996 George Reese
20140621.0203.04 error Intermud       Please set ADMINEMAIL in your coffeemud.ini file.
20140621.0203.04 error Intermud       204.209.44.3: 8080: No route to host: connect
20140621.0203.04 info  I3Server       InterMud3 Server started on port 27766
20140621.0203.04 error I3SaveTick     Restarted your Intermud system.  To stop receiving these messages, DISABLE the I3 system.
20140621.0303.04 error I3SaveTick     No I3 response received in 1 hour(s), 3 milliseconds. Connected=false
20140621.0303.04 info  I3Server       InterMud3 Core (c)1996 George Reese
20140621.0303.04 error Intermud       Please set ADMINEMAIL in your coffeemud.ini file.
20140621.0303.05 info  Intermud3      I3 client connection: 204.209.44.3@8080
20140621.0303.05 info  I3Server       InterMud3 Server started on port 27766
20140621.0303.05 error I3SaveTick     Restarted your Intermud system.  To stop receiving these messages, DISABLE the I3 system.
20140621.0616.57 error Intermud       Please set ADMINEMAIL in your coffeemud.ini file.
20140621.0616.58 error Intermud       204.209.44.3: 8080: Connection refused: connect
20140621.0616.58 error InterMud       384-java.io.EOFException
20140621.0707.04 error I3SaveTick     No I3 response received in 1 hour(s), 1 minute(s), 29 second(s), 23 milliseconds. Connected=false
20140621.0707.05 info  I3Server       InterMud3 Core (c)1996 George Reese
20140621.0707.05 error Intermud       Please set ADMINEMAIL in your coffeemud.ini file.
20140621.0707.05 info  Intermud3      I3 client connection: 204.209.44.3@8080
20140621.0707.05 info  I3Server       InterMud3 Server started on port 27766
20140621.0707.05 error I3SaveTick     Restarted your Intermud system.  To stop receiving these messages, DISABLE the I3 system.
20140621.0905.13 error Intermud       Please set ADMINEMAIL in your coffeemud.ini file.
20140621.1312.08 error Intermud       204.209.44.3: 8080: Network is unreachable: connect
20140621.1312.12 error InterMud       384-Connection reset
20140621.1312.12 error THSessions0    KILLING DEAD Session: Vic (MafiaTest2#4), out for 4h 7m 59s 613ms
20140621.1312.12 error THSessions0    STATUS  was :MAINLOOP, LASTCMD was :[open, e]
20140621.1312.12 info  Worker0#7      Logout: Vic (15h)
20140621.1312.12 info  Worker0#7      Disconnect: Vic: 127.0.0.1 (15h)
20140621.1314.00 error I3SaveTick     No I3 response received in 5 hour(s), 36 minute(s), 17 second(s), 264 milliseconds. Connected=false
20140621.1314.00 info  I3Server       InterMud3 Core (c)1996 George Reese
20140621.1314.00 error Intermud       Please set ADMINEMAIL in your coffeemud.ini file.
20140621.1314.00 info  Intermud3      I3 client connection: 204.209.44.3@8080
20140621.1314.00 info  I3Server       InterMud3 Server started on port 27766
20140621.1314.00 error I3SaveTick     Restarted your Intermud system.  To stop receiving these messages, DISABLE the I3 system.
20140621.1429.56 error Intermud       Please set ADMINEMAIL in your coffeemud.ini file.
20140621.1429.56 error Intermud       204.209.44.3: 8080: Network is unreachable: connect
20140621.1429.56 error InterMud       384-Connection reset
20140621.1445.43 error I3SaveTick     No I3 response received in 1 hour(s), 1 minute(s), 4 second(s), 922 milliseconds. Connected=false
20140621.1445.43 info  I3Server       InterMud3 Core (c)1996 George Reese
20140621.1445.44 error Intermud       Please set ADMINEMAIL in your coffeemud.ini file.
20140621.1445.44 info  Intermud3      I3 client connection: 204.209.44.3@8080
20140621.1445.44 info  I3Server       InterMud3 Server started on port 27766
20140621.1445.44 error I3SaveTick     Restarted your Intermud system.  To stop receiving these messages, DISABLE the I3 system.
20140621.1745.15 info  Worker0#6      Connection from 127.0.0.1
20140621.1745.23 info  Worker0#1      127.0.0.1 mushclient MXP CMP ANSI, character login: Vic
20140621.1803.02 info  Rooms          Vic unlinked direction North from room MafiaTest2#5.
20140621.1803.02 info  Exits          MafiaTest2#5 exits destroyed by Vic.
20140621.1807.06 info  Exits          MafiaTest2#5 exits changed by Vic.
Exception in thread "mweb-admin0#1" java.lang.NoSuchMethodError: com.planet_ink.miniweb.http.MWFileCache.access$0(Lcom/planet_ink/miniweb/http/MWFileCache;)J
	at com.planet_ink.miniweb.http.MWFileCache$FileCacheEntry.<init>(MWFileCache.java:389)
	at com.planet_ink.miniweb.http.MWFileCache.getFileData(MWFileCache.java:322)
	at com.planet_ink.miniweb.http.HTTPReqProcessor.generateOutput(HTTPReqProcessor.java:576)
	at com.planet_ink.miniweb.http.HTTPReader.run(HTTPReader.java:654)
	at java.util.concurrent.ThreadPoolExecutor.runWorker(ThreadPoolExecutor.java:1145)
	at java.util.concurrent.ThreadPoolExecutor$Worker.run(ThreadPoolExecutor.java:615)
	at java.lang.Thread.run(Thread.java:744)
Exception in thread "mweb-admin0#2" java.lang.NoSuchMethodError: com.planet_ink.miniweb.http.MWFileCache.access$0(Lcom/planet_ink/miniweb/http/MWFileCache;)J
	at com.planet_ink.miniweb.http.MWFileCache$FileCacheEntry.<init>(MWFileCache.java:389)
	at com.planet_ink.miniweb.http.MWFileCache.getFileData(MWFileCache.java:322)
	at com.planet_ink.miniweb.http.HTTPReqProcessor.generateOutput(HTTPReqProcessor.java:576)
	at com.planet_ink.miniweb.http.HTTPReader.run(HTTPReader.java:654)
	at java.util.concurrent.ThreadPoolExecutor.runWorker(ThreadPoolExecutor.java:1145)
	at java.util.concurrent.ThreadPoolExecutor$Worker.run(ThreadPoolExecutor.java:615)
	at java.lang.Thread.run(Thread.java:744)
Exception in thread "mweb-admin0#6" java.lang.NoSuchMethodError: com.planet_ink.miniweb.http.MWFileCache.access$0(Lcom/planet_ink/miniweb/http/MWFileCache;)J
	at com.planet_ink.miniweb.http.MWFileCache$FileCacheEntry.<init>(MWFileCache.java:389)
	at com.planet_ink.miniweb.http.MWFileCache.getFileData(MWFileCache.java:322)
	at com.planet_ink.miniweb.http.HTTPReqProcessor.generateOutput(HTTPReqProcessor.java:576)
	at com.planet_ink.miniweb.http.HTTPReader.run(HTTPReader.java:654)
	at java.util.concurrent.ThreadPoolExecutor.runWorker(ThreadPoolExecutor.java:1145)
	at java.util.concurrent.ThreadPoolExecutor$Worker.run(ThreadPoolExecutor.java:615)
	at java.lang.Thread.run(Thread.java:744)
Exception in thread "mweb-admin0#4" java.lang.NoSuchMethodError: com.planet_ink.miniweb.http.MWFileCache.access$0(Lcom/planet_ink/miniweb/http/MWFileCache;)J
	at com.planet_ink.miniweb.http.MWFileCache$FileCacheEntry.<init>(MWFileCache.java:389)
	at com.planet_ink.miniweb.http.MWFileCache.getFileData(MWFileCache.java:322)
	at com.planet_ink.miniweb.http.HTTPReqProcessor.generateOutput(HTTPReqProcessor.java:576)
	at com.planet_ink.miniweb.http.HTTPReader.run(HTTPReader.java:654)
	at java.util.concurrent.ThreadPoolExecutor.runWorker(ThreadPoolExecutor.java:1145)
	at java.util.concurrent.ThreadPoolExecutor$Worker.run(ThreadPoolExecutor.java:615)
	at java.lang.Thread.run(Thread.java:744)
20140621.1812.42 info  Rooms          Vic unlinked direction West from room MafiaTest2#1005.
20140621.1813.10 error CommandProcess Vic starts system shutdown...
20140621.1813.10 info  Shutdown0      New Connections are now closed
20140621.1813.10 info  Shutdown0      All users saved.
20140621.1813.10 info  Shutdown0      Stats saved.
20140621.1813.10 info  Shutdown0      Notifying all objects of shutdown...
20140621.1813.10 info  ServiceEngine  Scheduler stopped
20140621.1813.11 info  CM1Server      Shutdown complete
20140621.1813.13 info  Shutdown0      CM1Server0@27733 stopped
20140621.1813.13 info  Intermud       Shutdown!!!
20140621.1813.13 info  Shutdown0      I3Server stopped
20140621.1813.16 info  Shutdown0      All users logged off.
20140621.1813.16 info  SMTP           Shutting down.
20140621.1813.18 info  Shutdown0      SMTP Server stopped.
20140621.1813.20 info  ServiceEngine  Shutdown complete.
20140621.1813.20 info  Shutdown0      Map Threads Stopped.
20140621.1813.20 info  Shutdown0      Resources Cleared.
20140621.1813.20 info  Shutdown0      Database connections closed.
20140621.1813.20 info  mweb-pub0      Shutdown complete
20140621.1813.20 info  mweb-pub0Timeo Timeout Thread shutdown
20140621.1813.20 info  Shutdown0      Web server mweb-pub0 stopped.
20140621.1813.20 info  mweb-admin0Tim Timeout Thread shutdown
20140621.1813.20 info  Shutdown0      Web server mweb-admin0 stopped.
20140621.1813.20 info  mweb-admin0    Shutdown complete
20140621.1813.20 info  Shutdown0      CoffeeMud shutdown complete.
20140621.1813.20 info  Shutdown0      Logout: Vic (28m)
20140621.1813.20 info  Shutdown0      Disconnect: Vic: 127.0.0.1 (28m)
20140621.1813.21 info  MUD@5555       Server cleaning up.
20140621.1813.21 info  MUD@5555       MUD on port 5555 stopped!
