20140427.1431.16 info  MUD            CoffeeMud v5.8.1.1
20140427.1431.16 info  MUD            (C) 2000-2014 Bo Zimmerman
20140427.1431.16 info  MUD            http://www.coffeemud.org
20140427.1431.18 info  HOST0          Disabled subsystems: COMMAND_POSE, QUITREASON, RETIREREASON, LEVELS, EXPERIENCE, RACES, CLASSES, HUNGER, THIRST, ALLERGIES, AUTODISEASE, STATS
20140427.1431.18 info  MUD@5555       MUD Server started on port: 5555
20140427.1431.20 info  HOST0          Connected to jdbc:mysql://localhost/coffeemud
20140427.1431.20 debug HOST0          SSL not configured.
20140427.1431.20 debug HOST0          SSL not configured.
20140427.1431.21 error SMTP           Set your coffeemud.ini parameter: DOMAIN
20140427.1431.21 info  mweb-admin0    Started http admin0 on port 27777
20140427.1431.21 info  mweb-pub0      Started http pub0 on port 27744
20140427.1431.21 debug mweb-admin0Tim Timeout Thread started
20140427.1431.21 error mweb-pub0      Port 80: Address already in use: bind
20140427.1431.21 debug mweb-pub0Timeo Timeout Thread started
20140427.1431.26 info  HOST0          WebMacros loaded  : 170
20140427.1431.27 info  HOST0          Races loaded      : 171
20140427.1431.28 info  HOST0          Classes loaded    : 48
20140427.1431.30 info  HOST0          MOB Types loaded  : 104
20140427.1431.30 info  HOST0          Exit Types loaded : 27
20140427.1431.31 info  HOST0          Area Types loaded : 10
20140427.1431.31 info  HOST0          Locales loaded    : 97
20140427.1431.33 info  HOST0          Fighter Skills    : 116
20140427.1431.35 info  HOST0          Chants loaded     : 248
20140427.1431.35 info  HOST0          Languages loaded  : 19
20140427.1431.39 info  HOST0          Properties loaded : 218
20140427.1431.41 info  HOST0          Prayers loaded    : 242
20140427.1431.45 info  HOST0          Skills loaded     : 270
20140427.1431.47 info  HOST0          Songs loaded      : 140
20140427.1431.54 info  HOST0          Spells loaded     : 341
20140427.1431.54 info  HOST0          Heroics loaded    : 6
20140427.1431.54 info  HOST0          Tech Skills loaded: 2
20140427.1431.57 info  HOST0          Traps loaded      : 75
20140427.1432.00 info  HOST0          Basic Items loaded: 95
20140427.1432.00 info  HOST0          Weapons loaded    : 57
20140427.1432.01 info  HOST0          Armor loaded      : 47
20140427.1432.01 info  HOST0          Magic Items loaded: 41
20140427.1432.01 info  HOST0          Clan Items loaded : 19
20140427.1432.03 info  HOST0          Electronics loaded: 52
20140427.1432.04 info  HOST0          Behaviors loaded  : 94
20140427.1432.08 info  HOST0          Commands loaded   : 266
20140427.1432.12 info  HOST0          Expertises defined: 1428
20140427.1432.13 info  HOST0          Channels loaded   : 20
20140427.1432.13 info  HOST0          Socials loaded    : 308
20140427.1432.13 info  HOST0          Clans loaded      : 0
20140427.1432.13 info  CM1Server0@277 Started CM1Server0@27733 on port 27733
20140427.1432.13 info  I3Server       InterMud3 Core (c)1996 George Reese
20140427.1432.14 error Intermud       Please set ADMINEMAIL in your coffeemud.ini file.
20140427.1432.14 info  Intermud3      I3 client connection: 204.209.44.3@8080
20140427.1432.14 info  I3Server       InterMud3 Server started on port 27766
20140427.1432.14 info  HOST0          Loading catalog...
20140427.1432.14 info  HOST0          Loading map...
20140427.1432.15 info  HOST0          Preparing map...
20140427.1432.15 info  HOST0          Mapped rooms      : 8 in 2 areas
20140427.1432.15 info  HOST0          Services and utilities started
20140427.1432.15 info  HOST0          Host#0 initializated.
20140427.1432.15 info  MUD            Initialization complete.
20140427.1434.24 info  Worker0#5      Connection from 127.0.0.1
20140427.1434.30 info  Worker0#4      Connection from 50.135.252.105
20140427.1434.32 info  Worker0#3      Creating user: Vicbot
20140427.1434.39 info  Worker0#2      Creating user: Jeremy
20140427.1434.43 info  Worker0#5      Created user: Vicbot
20140427.1434.43 info  Worker0#5      127.0.0.1 mushclient MXP CMP ANSI, character login: Vicbot
20140427.1435.31 info  Worker0#2      Created user: Jeremy
20140427.1435.31 info  Worker0#2      50.135.252.105 mushclient MXP CMP ANSI, character login: Jeremy
20140427.1436.45 info  Grinder        Vic modified player Jeremy
20140427.1437.07 info  Grinder        Vic modified player Vicbot
20140427.1455.59 info  Worker0#5      Connection from 127.0.0.1
20140427.1456.06 info  Worker0#4      127.0.0.1 mushclient MXP CMP ANSI, character login: Vic
20140427.1456.23 error CMProps        Error parsing coffeemud.ini 'COMMONCOST' has duplicate key:<EMPTY>
20140427.1456.23 error CMProps        Error parsing coffeemud.ini 'SKILLCOST' has duplicate key:<EMPTY>
20140427.1456.23 error CMProps        Error parsing coffeemud.ini 'SKILLCOST' has duplicate key:SKILL_WILDERNESSLORE
20140427.1456.23 error CMProps        Error parsing coffeemud.ini 'LANGCOST' has duplicate key:<EMPTY>
20140427.1501.36 error CMProps        Error parsing coffeemud.ini 'COMMONCOST' has duplicate key:<EMPTY>
20140427.1501.36 error CMProps        Error parsing coffeemud.ini 'SKILLCOST' has duplicate key:<EMPTY>
20140427.1501.36 error CMProps        Error parsing coffeemud.ini 'SKILLCOST' has duplicate key:SKILL_WILDERNESSLORE
20140427.1501.36 error CMProps        Error parsing coffeemud.ini 'LANGCOST' has duplicate key:<EMPTY>
20140427.1508.07 info  CreateEdit     Vic modified exit GenDoor.
20140427.1508.23 info  CreateEdit     Vic modified exit GenDoor.
20140427.1509.41 info  Rooms          Vic modified room MafiaTest2#1006.
20140427.1510.00 info  Rooms          Vic modified room MafiaTest2#1004.
20140427.1510.13 info  CreateEdit     Vic modified exit GenDoor.
20140427.1510.37 info  Rooms          Vic modified room MafiaTest2#5.
20140427.1510.47 error CMProps        Error parsing coffeemud.ini 'COMMONCOST' has duplicate key:<EMPTY>
20140427.1510.47 error CMProps        Error parsing coffeemud.ini 'SKILLCOST' has duplicate key:<EMPTY>
20140427.1510.47 error CMProps        Error parsing coffeemud.ini 'SKILLCOST' has duplicate key:SKILL_WILDERNESSLORE
20140427.1510.47 error CMProps        Error parsing coffeemud.ini 'LANGCOST' has duplicate key:<EMPTY>
20140427.1519.09 error CMProps        Error parsing coffeemud.ini 'COMMONCOST' has duplicate key:<EMPTY>
20140427.1519.09 error CMProps        Error parsing coffeemud.ini 'SKILLCOST' has duplicate key:<EMPTY>
20140427.1519.09 error CMProps        Error parsing coffeemud.ini 'SKILLCOST' has duplicate key:SKILL_WILDERNESSLORE
20140427.1519.09 error CMProps        Error parsing coffeemud.ini 'LANGCOST' has duplicate key:<EMPTY>
20140427.1520.08 error Worker0#2      Help: Vic wanted archon help on teleport
20140427.1520.12 error Worker0#4      Help: Vic wanted archon help on commands
20140427.1521.00 info  Worker0#6      Connection from 127.0.0.1
20140427.1521.08 info  Worker0#3      Creating user: Vicrobo
20140427.1521.18 info  Worker0#6      Created user: Vicrobo
20140427.1521.19 info  Worker0#6      127.0.0.1 mushclient MXP CMP ANSI, character login: Vicrobo
20140427.1524.30 info  Worker0#5      Connection from 174.97.51.140
20140427.1527.30 info  Worker0#5      Creating user: Gorelab
20140427.1528.02 info  Worker0#6      Created user: Gorelab
20140427.1528.02 info  Worker0#6      174.97.51.140 mushclient MXP CMP ANSI, character login: Gorelab
20140427.1531.11 error CMProps        Error parsing coffeemud.ini 'COMMONCOST' has duplicate key:<EMPTY>
20140427.1531.11 error CMProps        Error parsing coffeemud.ini 'SKILLCOST' has duplicate key:<EMPTY>
20140427.1531.11 error CMProps        Error parsing coffeemud.ini 'SKILLCOST' has duplicate key:SKILL_WILDERNESSLORE
20140427.1531.11 error CMProps        Error parsing coffeemud.ini 'LANGCOST' has duplicate key:<EMPTY>
20140427.1531.32 info  Worker0#5      Logout: Vicrobo (10m)
20140427.1531.32 info  Worker0#5      Disconnect: Vicrobo: 127.0.0.1 (11m)
20140427.1532.40 info  Worker0#4      Logout: Jeremy (57m)
20140427.1532.40 info  Worker0#4      Disconnect: Jeremy: 50.135.252.105 (58m)
20140427.1534.16 info  Worker0#7      Connection from 50.135.252.105
20140427.1534.29 info  Worker0#6      50.135.252.105 mushclient MXP CMP ANSI, character login: Jeremy
20140427.1534.52 info  Worker0#2      Logout: Vicbot (1h)
20140427.1534.52 info  Worker0#2      Disconnect: Vicbot: 127.0.0.1 (1h)
20140427.1535.15 info  Worker0#2      Connection from 127.0.0.1
20140427.1535.21 info  Worker0#3      127.0.0.1 mushclient MXP CMP ANSI, character login: Vicbot
20140427.1540.40 info  Items          Vic created item Katana.
20140427.1540.58 info  Items          Vic destroyed item a katana.
20140427.1546.49 info  Grinder        Vic modified player Jeremy
20140427.1547.39 error Worker0#7      Help: Vic wanted archon help on commands
20140427.1547.41 error Worker0#1      Help: Jeremy wanted archon help on commands
20140427.1549.01 error Worker0#3      Help: Jeremy wanted archon help on teleport
20140427.1549.05 error Worker0#2      Help: Jeremy wanted archon help on move
20140427.1550.14 info  Items          Jeremy created item Longsword.
20140427.1552.35 info  Worker0#5      Connection from 105.236.117.57
20140427.1552.47 info  Worker0#3      Creating user: Alex
20140427.1553.26 info  Worker0#4      Created user: Alex
20140427.1553.27 info  Worker0#4      105.236.117.57 UNKNOWN MXP CMP ANSI, character login: Alex
20140427.1554.33 error CoffeeMaker    Error parsing 'BEHAVES' of a fancy longsword (Longsword) of MafiaTest2#1005 (StoneRoom).  Load aborted
20140427.1554.56 info  Items          Jeremy modified item Longsword.
20140427.1555.17 error CoffeeMaker    Error parsing 'BEHAVES' of a fancy longsword (Longsword) of MafiaTest2#1005 (StoneRoom).  Load aborted
20140427.1559.01 info  Items          Jeremy destroyed item a fancy longsword.
20140427.1559.48 info  Rooms          Vic unlinked direction East from room MafiaTest2#5.
20140427.1559.48 info  Exits          MafiaTest2#5 exits destroyed by Vic.
20140427.1559.56 info  Link           Vic linked MafiaTest2#5 to room MafiaTest2#1005.
20140427.1603.48 info  CMGenEditor    Jeremy edited user Alex
20140427.1606.12 info  CMGenEditor    Jeremy edited user Alex
20140427.1606.20 info  Grinder        Vic modified player Gorelab
20140427.1606.39 info  Items          Jeremy created item Longsword.
20140427.1609.08 info  Exits          MafiaTest2#5 exits changed by Jeremy.
20140427.1611.43 info  Rooms          Jeremy unlinked direction East from room MafiaTest2#5.
20140427.1611.43 info  Exits          MafiaTest2#5 exits destroyed by Jeremy.
20140427.1611.49 info  Link           Jeremy linked MafiaTest2#5 to room MafiaTest2#1005.
20140427.1612.31 info  Rooms          Jeremy created room MafiaTest2#4.
20140427.1612.45 info  Exits          MafiaTest2#4 exits changed by Jeremy.
20140427.1613.43 info  Rooms          Jeremy modified room MafiaTest2#4.
20140427.1627.35 info  CMGenEditor    Jeremy edited user Vicbot
20140427.1628.14 info  Mobs           Jeremy created mob a mean Goblin.
20140427.1630.14 info  Grinder        Vic modified player Alex
20140427.1633.29 info  Mobs           Vic created mob a generic mob.
20140427.1633.41 info  Rooms          Jeremy unlinked direction North from room MafiaTest2#4.
20140427.1633.42 info  Exits          MafiaTest2#4 exits destroyed by Jeremy.
20140427.1633.45 info  Exits          MafiaTest2#4 exits changed by Jeremy.
20140427.1634.00 info  Rooms          Jeremy created room MafiaTest2#3.
20140427.1634.43 info  Rooms          Jeremy destroyed room MafiaTest2#3.
20140427.1634.58 info  CreateEdit     Vic modified mob a generic mob (GenMob) in MafiaTest2#4.
20140427.1635.07 info  Exits          MafiaTest2#4 exits changed by Jeremy.
20140427.1635.21 info  Rooms          Vic modified room MafiaTest2#4.
20140427.1737.00 info  Worker0#5      Logout: Alex (2h 44m)
20140427.1737.00 info  Worker0#5      Disconnect: Alex: 105.236.117.57 (2h 44m)
20140427.1737.00 info  Worker0#2      Logout: Vicbot (2h)
20140427.1737.00 info  Worker0#2      Disconnect: Vicbot: 127.0.0.1 (2h)
20140427.1833.06 info  Worker0#2      Logout: Gorelab (3h)
20140427.1833.06 info  Worker0#2      Disconnect: Gorelab: 174.97.51.140 (3h)
20140427.2326.55 error Intermud       Please set ADMINEMAIL in your coffeemud.ini file.
20140428.0752.59 error THSessions0    KILLING DEAD Session: Vic (MafiaTest2#4), out for 8h 26m 44s 153ms
20140428.0752.59 error THSessions0    STATUS  was :MAINLOOP, LASTCMD was :[l]
20140428.0753.01 info  Worker0#1      Logout: Vic (17h)
20140428.0753.01 error Intermud       204.209.44.3: 8080: Network is unreachable: connect
20140428.0753.01 error InterMud       384-Connection reset
20140428.0753.04 error DBConnections  Minor failure obtaining DBConnection(4/4 in use).
20140428.0753.09 error DBConnection   : java.sql.SQLException: Could not retrieve transation read-only status server
20140428.0753.09 error DBConnections  Communications link failure

The last packet successfully received from the server was 33,646,447 milliseconds ago.  The last packet sent successfully to the server was 621 milliseconds ago.
20140428.0753.09 error Journal        Communications link failure

The last packet successfully received from the server was 30,346,255 milliseconds ago.  The last packet sent successfully to the server was 621 milliseconds ago.
com.mysql.jdbc.exceptions.jdbc4.CommunicationsException: Communications link failure

The last packet successfully received from the server was 30,346,255 milliseconds ago.  The last packet sent successfully to the server was 621 milliseconds ago.
	at sun.reflect.NativeConstructorAccessorImpl.newInstance0(Native Method)
	at sun.reflect.NativeConstructorAccessorImpl.newInstance(NativeConstructorAccessorImpl.java:57)
	at sun.reflect.DelegatingConstructorAccessorImpl.newInstance(DelegatingConstructorAccessorImpl.java:45)
	at java.lang.reflect.Constructor.newInstance(Constructor.java:526)
	at com.mysql.jdbc.Util.handleNewInstance(Util.java:409)
	at com.mysql.jdbc.SQLError.createCommunicationsException(SQLError.java:1127)
	at com.mysql.jdbc.MysqlIO.reuseAndReadPacket(MysqlIO.java:3715)
	at com.mysql.jdbc.MysqlIO.reuseAndReadPacket(MysqlIO.java:3604)
	at com.mysql.jdbc.MysqlIO.checkErrorPacket(MysqlIO.java:4155)
	at com.mysql.jdbc.MysqlIO.sendCommand(MysqlIO.java:2615)
	at com.mysql.jdbc.MysqlIO.sqlQueryDirect(MysqlIO.java:2776)
	at com.mysql.jdbc.ConnectionImpl.execSQL(ConnectionImpl.java:2832)
	at com.mysql.jdbc.ConnectionImpl.execSQL(ConnectionImpl.java:2781)
	at com.mysql.jdbc.StatementImpl.executeQuery(StatementImpl.java:1569)
	at com.planet_ink.coffee_mud.core.database.DBConnection.query(DBConnection.java:401)
	at com.planet_ink.coffee_mud.core.database.JournalLoader.DBReadJournalMsgs(JournalLoader.java:406)
	at com.planet_ink.coffee_mud.core.database.DBInterface.DBReadJournalMsgs(DBInterface.java:253)
	at com.planet_ink.coffee_mud.Libraries.CMJournals.expirationJournalSweep(CMJournals.java:304)
	at com.planet_ink.coffee_mud.Libraries.CMJournals.tick(CMJournals.java:376)
	at com.planet_ink.coffee_mud.core.threads.StdTickClient.tickTicker(StdTickClient.java:123)
	at com.planet_ink.coffee_mud.core.threads.StdTickGroup.run(StdTickGroup.java:262)
	at java.util.concurrent.ThreadPoolExecutor.runWorker(ThreadPoolExecutor.java:1145)
	at java.util.concurrent.ThreadPoolExecutor$Worker.run(ThreadPoolExecutor.java:615)
	at java.lang.Thread.run(Thread.java:744)
Caused by: java.net.SocketException: Software caused connection abort: recv failed
	at java.net.SocketInputStream.socketRead0(Native Method)
	at java.net.SocketInputStream.read(SocketInputStream.java:152)
	at java.net.SocketInputStream.read(SocketInputStream.java:122)
	at com.mysql.jdbc.util.ReadAheadInputStream.fill(ReadAheadInputStream.java:112)
	at com.mysql.jdbc.util.ReadAheadInputStream.readFromUnderlyingStreamIfNecessary(ReadAheadInputStream.java:159)
	at com.mysql.jdbc.util.ReadAheadInputStream.read(ReadAheadInputStream.java:187)
	at com.mysql.jdbc.MysqlIO.readFully(MysqlIO.java:3158)
	at com.mysql.jdbc.MysqlIO.reuseAndReadPacket(MysqlIO.java:3615)
	... 17 more
20140428.0753.11 error DBConnections  Communications link failure

The last packet successfully received from the server was 37,246,094 milliseconds ago.  The last packet sent successfully to the server was 621 milliseconds ago.
20140428.0753.11 error Worker0#3      DB: <BR>#100 DBCONNECTIONS REPORTING A LOCKED STATE<BR>Connections in use=0/0 for THPlayers0
20140428.0753.11 error DBConnections  java.sql.SQLException: Could not retrieve transation read-only status server/DELETE FROM CMCHFO WHERE CMUSERID='Vic'
20140428.0753.11 error Worker0#3      DB: <BR>#100 DBCONNECTIONS REPORTING A LOCKED STATE<BR>Connections in use=0/0: THPlayers0 skipped.
20140428.0753.11 error Worker0#5      DB: <BR>#100 DBCONNECTIONS REPORTING A LOCKED STATE<BR>Connections in use=0/0 for THMap0
20140428.0753.11 error Worker0#5      DB: <BR>#100 DBCONNECTIONS REPORTING A LOCKED STATE<BR>Connections in use=0/0: THMap0 skipped.
20140428.0753.21 info  Worker0#6      Logout: Vic (17h)
20140428.0753.21 info  Worker0#6      Disconnect: Vic: 127.0.0.1 (17h)
20140428.0753.27 info  Worker0#2      Logout: Jeremy (16h)
20140428.0753.27 info  Worker0#2      Disconnect: Jeremy: 50.135.252.105 (16h)
20140428.0753.55 error I3SaveTick     No I3 response received in 9 hour(s), 48 minute(s), 8 second(s), 735 milliseconds. Connected=false
20140428.0754.01 info  I3Server       InterMud3 Core (c)1996 George Reese
20140428.0754.01 error Intermud       Please set ADMINEMAIL in your coffeemud.ini file.
20140428.0754.01 error Intermud       204.209.44.3: 8080: No route to host: connect
20140428.0754.01 info  I3Server       InterMud3 Server started on port 27766
20140428.0754.01 error I3SaveTick     Restarted your Intermud system.  To stop receiving these messages, DISABLE the I3 system.
20140428.1603.39 error DBConnections  Communications link failure

The last packet successfully received from the server was 29,411,183 milliseconds ago.  The last packet sent successfully to the server was 91 milliseconds ago.
20140428.1603.41 error DBConnections  Communications link failure

The last packet successfully received from the server was 29,410,967 milliseconds ago.  The last packet sent successfully to the server was 381 milliseconds ago.
20140428.1603.59 error I3SaveTick     No I3 response received in 8 hour(s), 10 minute(s), 59 second(s), 917 milliseconds. Connected=false
20140428.1603.59 info  I3Server       InterMud3 Core (c)1996 George Reese
20140428.1604.00 error Intermud       Please set ADMINEMAIL in your coffeemud.ini file.
20140428.1604.00 info  Intermud3      I3 client connection: 204.209.44.3@8080
20140428.1604.00 info  I3Server       InterMud3 Server started on port 27766
20140428.1604.00 error I3SaveTick     Restarted your Intermud system.  To stop receiving these messages, DISABLE the I3 system.
20140428.1703.59 error I3SaveTick     No I3 response received in 1 hour(s), 92 milliseconds. Connected=true
20140428.1703.59 info  Intermud       Shutdown!!!
20140428.1703.59 info  I3Server       InterMud3 Core (c)1996 George Reese
20140428.1703.59 error Intermud       Please set ADMINEMAIL in your coffeemud.ini file.
20140428.1703.59 error Intermud       204.209.44.3: 8080: No route to host: connect
20140428.1703.59 info  I3Server       InterMud3 Server started on port 27766
20140428.1703.59 error I3SaveTick     Restarted your Intermud system.  To stop receiving these messages, DISABLE the I3 system.
20140428.1803.59 error I3SaveTick     No I3 response received in 1 hour(s), 1 milliseconds. Connected=false
20140428.1803.59 info  I3Server       InterMud3 Core (c)1996 George Reese
20140428.1804.00 error Intermud       Please set ADMINEMAIL in your coffeemud.ini file.
20140428.1804.00 info  Intermud3      I3 client connection: 204.209.44.3@8080
20140428.1804.00 info  I3Server       InterMud3 Server started on port 27766
20140428.1804.00 error I3SaveTick     Restarted your Intermud system.  To stop receiving these messages, DISABLE the I3 system.
20140428.1920.56 info  Worker0#10     Connection from 127.0.0.1
20140428.1921.04 info  Worker0#1      127.0.0.1 mushclient MXP CMP ANSI, character login: Vic
20140428.1921.07 error CommandProcess Vic starts system shutdown...
20140428.1921.07 info  Shutdown0      New Connections are now closed
20140428.1921.07 info  ServiceEngine  Scheduler stopped
20140428.1921.09 info  Shutdown0      All users saved.
20140428.1921.09 info  Shutdown0      Stats saved.
20140428.1921.09 info  Shutdown0      Notifying all objects of shutdown...
20140428.1921.11 info  CM1Server      Shutdown complete
20140428.1921.13 info  Shutdown0      CM1Server0@27733 stopped
20140428.1921.13 info  Intermud       Shutdown!!!
20140428.1921.13 info  Shutdown0      I3Server stopped
20140428.1921.16 info  Shutdown0      All users logged off.
20140428.1921.16 info  SMTP           Shutting down.
20140428.1921.19 info  Shutdown0      SMTP Server stopped.
20140428.1921.20 info  ServiceEngine  Shutdown complete.
20140428.1921.20 info  Shutdown0      Map Threads Stopped.
20140428.1921.20 info  Shutdown0      Resources Cleared.
20140428.1921.20 info  Shutdown0      Database connections closed.
20140428.1921.21 info  mweb-pub0      Shutdown complete
20140428.1921.21 info  Shutdown0      Web server mweb-pub0 stopped.
20140428.1921.21 info  mweb-pub0Timeo Timeout Thread shutdown
20140428.1921.21 info  mweb-admin0    Shutdown complete
20140428.1921.21 info  mweb-admin0Tim Timeout Thread shutdown
20140428.1921.21 info  Shutdown0      Web server mweb-admin0 stopped.
20140428.1921.21 info  Shutdown0      CoffeeMud shutdown complete.
20140428.1921.23 info  Shutdown0      Logout: Vic (20s)
20140428.1921.23 info  Shutdown0      Disconnect: Vic: 127.0.0.1 (28s)
20140428.1921.25 info  MUD@5555       Server cleaning up.
20140428.1921.25 info  MUD@5555       MUD on port 5555 stopped!
