20140427.0120.20 info  MUD            CoffeeMud v5.8.1.1
20140427.0120.20 info  MUD            (C) 2000-2014 Bo Zimmerman
20140427.0120.20 info  MUD            http://www.coffeemud.org
20140427.0120.21 info  HOST0          Disabled subsystems: COMMAND_POSE, QUITREASON, RETIREREASON, LEVELS, EXPERIENCE, RACES, CLASSES, HUNGER, THIRST, ALLERGIES, AUTODISEASE, STATS
20140427.0120.21 info  MUD@5555       MUD Server started on port: 5555
20140427.0120.21 info  HOST0          Connected to jdbc:mysql://localhost/coffeemud
20140427.0120.21 debug HOST0          SSL not configured.
20140427.0120.21 debug HOST0          SSL not configured.
20140427.0120.21 error SMTP           Set your coffeemud.ini parameter: DOMAIN
20140427.0120.21 info  mweb-admin0    Started http admin0 on port 27777
20140427.0120.21 info  mweb-pub0      Started http pub0 on port 27744
20140427.0120.21 error mweb-pub0      Port 80: Address already in use: bind
20140427.0120.21 debug mweb-admin0Tim Timeout Thread started
20140427.0120.21 debug mweb-pub0Timeo Timeout Thread started
20140427.0120.22 info  HOST0          WebMacros loaded  : 170
20140427.0120.22 info  HOST0          Races loaded      : 171
20140427.0120.22 info  HOST0          Classes loaded    : 48
20140427.0120.22 info  HOST0          MOB Types loaded  : 104
20140427.0120.22 info  HOST0          Exit Types loaded : 27
20140427.0120.22 info  HOST0          Area Types loaded : 10
20140427.0120.23 info  HOST0          Locales loaded    : 97
20140427.0120.23 info  HOST0          Fighter Skills    : 116
20140427.0120.23 info  HOST0          Chants loaded     : 248
20140427.0120.23 info  HOST0          Languages loaded  : 19
20140427.0120.24 info  HOST0          Properties loaded : 218
20140427.0120.24 info  HOST0          Prayers loaded    : 242
20140427.0120.24 info  HOST0          Skills loaded     : 270
20140427.0120.25 info  HOST0          Songs loaded      : 140
20140427.0120.25 info  HOST0          Spells loaded     : 341
20140427.0120.25 info  HOST0          Heroics loaded    : 6
20140427.0120.25 info  HOST0          Tech Skills loaded: 2
20140427.0120.25 info  HOST0          Traps loaded      : 75
20140427.0120.25 info  HOST0          Basic Items loaded: 95
20140427.0120.26 info  HOST0          Weapons loaded    : 57
20140427.0120.26 info  HOST0          Armor loaded      : 47
20140427.0120.26 info  HOST0          Magic Items loaded: 41
20140427.0120.26 info  HOST0          Clan Items loaded : 19
20140427.0120.26 info  HOST0          Electronics loaded: 52
20140427.0120.26 info  HOST0          Behaviors loaded  : 94
20140427.0120.27 info  HOST0          Commands loaded   : 266
20140427.0120.28 info  HOST0          Expertises defined: 1428
20140427.0120.28 info  HOST0          Channels loaded   : 20
20140427.0120.28 info  HOST0          Socials loaded    : 308
20140427.0120.28 info  HOST0          Clans loaded      : 0
20140427.0120.28 info  CM1Server0@277 Started CM1Server0@27733 on port 27733
20140427.0120.28 info  I3Server       InterMud3 Core (c)1996 George Reese
20140427.0120.28 error Intermud       Please set ADMINEMAIL in your coffeemud.ini file.
20140427.0120.29 info  Intermud3      I3 client connection: 204.209.44.3@8080
20140427.0120.29 info  I3Server       InterMud3 Server started on port 27766
20140427.0120.29 info  HOST0          Loading catalog...
20140427.0120.29 info  HOST0          Loading map...
20140427.0120.29 info  HOST0          Preparing map...
20140427.0120.29 info  HOST0          Mapped rooms      : 8 in 2 areas
20140427.0120.29 info  HOST0          Services and utilities started
20140427.0120.29 info  HOST0          Host#0 initializated.
20140427.0120.29 info  MUD            Initialization complete.
20140427.0120.56 info  Worker0#4      Connection from 127.0.0.1
20140427.0121.08 info  Worker0#1      127.0.0.1 mushclient MXP CMP ANSI, character login: Vic
20140427.0121.13 info  Worker0#1      Logout: Vic (6s)
20140427.0121.13 info  Worker0#1      Disconnect: Vic: 127.0.0.1 (17s)
20140427.0121.16 info  Worker0#3      Connection from 127.0.0.1
20140427.0121.26 info  Worker0#2      Creating user: Vicbot
20140427.0121.59 info  Worker0#1      Created user: Vicbot
20140427.0121.59 info  Worker0#1      127.0.0.1 mushclient MXP CMP ANSI, character login: Vicbot
20140427.0123.30 info  Worker0#5      Logout: Vicbot (2m 32s)
20140427.0123.30 info  Worker0#5      Disconnect: Vicbot: 127.0.0.1 (2m)
20140427.0243.15 error Intermud       Please set ADMINEMAIL in your coffeemud.ini file.
20140427.0937.37 error Intermud       204.209.44.3: 8080: Network is unreachable: connect
20140427.0937.37 error InterMud       384-Connection reset
20140427.0938.31 error I3SaveTick     No I3 response received in 7 hour(s), 16 minute(s), 14 second(s), 691 milliseconds. Connected=false
20140427.0938.31 info  I3Server       InterMud3 Core (c)1996 George Reese
20140427.0938.31 error Intermud       Please set ADMINEMAIL in your coffeemud.ini file.
20140427.0938.31 error Intermud       204.209.44.3: 8080: No route to host: connect
20140427.0938.31 info  I3Server       InterMud3 Server started on port 27766
20140427.0938.31 error I3SaveTick     Restarted your Intermud system.  To stop receiving these messages, DISABLE the I3 system.
20140427.0942.57 info  Worker0#4      Connection from 127.0.0.1
20140427.0943.04 info  Worker0#1      127.0.0.1 mushclient MXP CMP ANSI, character login: Vic
20140427.1005.40 error CMProps        Error parsing coffeemud.ini 'COMMONCOST' has duplicate key:<EMPTY>
20140427.1005.40 error CMProps        Error parsing coffeemud.ini 'SKILLCOST' has duplicate key:<EMPTY>
20140427.1005.40 error CMProps        Error parsing coffeemud.ini 'SKILLCOST' has duplicate key:SKILL_WILDERNESSLORE
20140427.1005.40 error CMProps        Error parsing coffeemud.ini 'LANGCOST' has duplicate key:<EMPTY>
20140427.1008.23 info  Grinder        Vic obliterated area MafiaTest1
20140427.1008.48 info  Grinder        Vic added area MafiaTest2
20140427.1008.50 error StdArea        Unable to random-find: null
20140427.1009.29 info  Grinder        Vic added room MafiaTest2#5
20140427.1010.27 info  Grinder        Vic modified room MafiaTest2#5.
20140427.1010.33 info  Grinder        Vic deleted room MafiaTest2#0
20140427.1011.02 info  Grinder        Vic added room MafiaTest2#1005
20140427.1011.22 info  Grinder        Vic modified room MafiaTest2#1005.
20140427.1011.51 info  Grinder        Vic added room MafiaTest2#1004
20140427.1012.25 info  Grinder        Vic modified room MafiaTest2#1004.
20140427.1012.31 info  Grinder        Vic added room MafiaTest2#1006
20140427.1012.41 info  Grinder        Vic modified room MafiaTest2#1006.
20140427.1013.01 info  Grinder        Vic added room MafiaTest2#3005
20140427.1013.41 info  Grinder        Vic modified room MafiaTest2#3005.
20140427.1014.07 info  Grinder        Vic modified room MafiaTest2#1005.
20140427.1014.15 info  Grinder        Vic modified room MafiaTest2#1006.
20140427.1014.23 info  Grinder        Vic modified room MafiaTest2#1004.
20140427.1014.59 info  Grinder        Vic deleted room MafiaTest2#3005
20140427.1015.07 info  Grinder        Vic added room MafiaTest2#2005
20140427.1015.27 info  Grinder        Vic modified room MafiaTest2#2005.
20140427.1015.45 info  Grinder        Vic added room MafiaTest2#2004
20140427.1016.00 info  Grinder        Vic modified room MafiaTest2#2004.
20140427.1016.12 info  Grinder        Vic deleted exit 0 from MafiaTest2#2005
20140427.1016.17 info  Grinder        Vic added room MafiaTest2#2006
20140427.1016.33 info  Grinder        Vic modified room MafiaTest2#2006.
20140427.1016.44 info  Grinder        Vic deleted exit 1 from MafiaTest2#2005
20140427.1017.03 info  Grinder        Vic linked area MafiaTest2#2005 to MafiaTest2#5
20140427.1017.37 info  Grinder        Vic deleted exit 3 from MafiaTest2#5
20140427.1018.48 info  Exits          MafiaTest2#5 exits changed by Vic.
20140427.1019.06 info  Link           Vic linked MafiaTest2#5 to room MafiaTest2#1005.
20140427.1020.10 info  Exits          MafiaTest2#5 exits destroyed by Vic.
20140427.1020.18 info  Exits          MafiaTest2#5 exits changed by Vic.
20140427.1021.08 info  CreateEdit     Vic modified exit GenDoor.
20140427.1021.58 info  Link           Vic linked MafiaTest2#1004 to room MafiaTest2#2004.
20140427.1022.05 info  Exits          MafiaTest2#1004 exits changed by Vic.
20140427.1022.37 info  CreateEdit     Vic modified exit GenDoor.
20140427.1022.45 info  Link           Vic linked MafiaTest2#1006 to room MafiaTest2#2006.
20140427.1022.49 info  Exits          MafiaTest2#1006 exits changed by Vic.
20140427.1023.14 info  CreateEdit     Vic modified exit GenDoor.
20140427.1023.26 info  Rooms          Vic unlinked direction West from room MafiaTest2#2006.
20140427.1023.47 info  Rooms          Vic unlinked direction West from room MafiaTest2#2004.
20140427.1024.19 error CMProps        Error parsing coffeemud.ini 'COMMONCOST' has duplicate key:<EMPTY>
20140427.1024.19 error CMProps        Error parsing coffeemud.ini 'SKILLCOST' has duplicate key:<EMPTY>
20140427.1024.19 error CMProps        Error parsing coffeemud.ini 'SKILLCOST' has duplicate key:SKILL_WILDERNESSLORE
20140427.1024.19 error CMProps        Error parsing coffeemud.ini 'LANGCOST' has duplicate key:<EMPTY>
20140427.1025.11 info  Rooms          Vic unlinked direction West from room MafiaTest2#1005.
20140427.1038.31 error I3SaveTick     No I3 response received in 1 hour(s), 6 milliseconds. Connected=false
20140427.1038.31 info  I3Server       InterMud3 Core (c)1996 George Reese
20140427.1038.31 error Intermud       Please set ADMINEMAIL in your coffeemud.ini file.
20140427.1038.32 info  Intermud3      I3 client connection: 204.209.44.3@8080
20140427.1038.32 info  I3Server       InterMud3 Server started on port 27766
20140427.1038.32 error I3SaveTick     Restarted your Intermud system.  To stop receiving these messages, DISABLE the I3 system.
20140427.1041.05 error CMProps        Error parsing coffeemud.ini 'COMMONCOST' has duplicate key:<EMPTY>
20140427.1041.05 error CMProps        Error parsing coffeemud.ini 'SKILLCOST' has duplicate key:<EMPTY>
20140427.1041.05 error CMProps        Error parsing coffeemud.ini 'SKILLCOST' has duplicate key:SKILL_WILDERNESSLORE
20140427.1041.05 error CMProps        Error parsing coffeemud.ini 'LANGCOST' has duplicate key:<EMPTY>
20140427.1041.18 info  mweb-admin0#4  Vicbot has been deleted.
20140427.1041.18 info  PlayerDelete   Someone destroyed the user Vicbot.
20140427.1421.23 error CommandProcess Vic starts system shutdown...
20140427.1421.23 info  Shutdown0      New Connections are now closed
20140427.1421.23 info  ServiceEngine  Scheduler stopped
20140427.1421.24 info  Shutdown0      All users saved.
20140427.1421.24 info  Shutdown0      Stats saved.
20140427.1421.24 info  Shutdown0      Notifying all objects of shutdown...
20140427.1421.25 info  CM1Server      Shutdown complete
20140427.1421.27 info  Shutdown0      CM1Server0@27733 stopped
20140427.1421.27 info  Intermud       Shutdown!!!
20140427.1421.28 info  Shutdown0      I3Server stopped
20140427.1421.31 info  Shutdown0      All users logged off.
20140427.1421.31 info  SMTP           Shutting down.
20140427.1421.34 info  Shutdown0      SMTP Server stopped.
20140427.1421.35 info  ServiceEngine  Shutdown complete.
20140427.1421.35 info  Shutdown0      Map Threads Stopped.
20140427.1421.35 info  Shutdown0      Resources Cleared.
20140427.1421.36 info  Shutdown0      Database connections closed.
20140427.1421.36 info  mweb-pub0      Shutdown complete
20140427.1421.36 info  Shutdown0      Web server mweb-pub0 stopped.
20140427.1421.36 info  mweb-pub0Timeo Timeout Thread shutdown
20140427.1421.36 info  Shutdown0      Web server mweb-admin0 stopped.
20140427.1421.36 info  mweb-admin0Tim Timeout Thread shutdown
20140427.1421.36 info  mweb-admin0    Shutdown complete
20140427.1421.37 info  Shutdown0      CoffeeMud shutdown complete.
20140427.1421.38 info  Shutdown0      Logout: Vic (5h)
20140427.1421.38 info  Shutdown0      Disconnect: Vic: 127.0.0.1 (5h)
20140427.1421.39 info  MUD@5555       Server cleaning up.
20140427.1421.39 info  MUD@5555       MUD on port 5555 stopped!
