20140427.0108.49 info  MUD            CoffeeMud v5.8.1.1
20140427.0108.49 info  MUD            (C) 2000-2014 Bo Zimmerman
20140427.0108.49 info  MUD            http://www.coffeemud.org
20140427.0108.49 info  HOST0          Disabled subsystems: COMMAND_POSE, QUITREASON, RETIREREASON, LEVELS, EXPERIENCE, RACES, CLASSES, HUNGER, THIRST, ALLERGIES, AUTODISEASE, STATS
20140427.0108.49 info  MUD@5555       MUD Server started on port: 5555
20140427.0108.49 info  HOST0          Connected to jdbc:mysql://localhost/coffeemud
20140427.0108.49 debug HOST0          SSL not configured.
20140427.0108.49 debug HOST0          SSL not configured.
20140427.0108.49 error SMTP           Set your coffeemud.ini parameter: DOMAIN
20140427.0108.50 info  mweb-admin0    Started http admin0 on port 27777
20140427.0108.50 info  mweb-pub0      Started http pub0 on port 27744
20140427.0108.50 error mweb-pub0      Port 80: Address already in use: bind
20140427.0108.50 debug mweb-admin0Tim Timeout Thread started
20140427.0108.50 debug mweb-pub0Timeo Timeout Thread started
20140427.0108.50 info  HOST0          WebMacros loaded  : 170
20140427.0108.50 info  HOST0          Races loaded      : 171
20140427.0108.51 info  HOST0          Classes loaded    : 48
20140427.0108.51 info  HOST0          MOB Types loaded  : 104
20140427.0108.51 info  HOST0          Exit Types loaded : 27
20140427.0108.51 info  HOST0          Area Types loaded : 10
20140427.0108.51 info  HOST0          Locales loaded    : 97
20140427.0108.51 info  HOST0          Fighter Skills    : 116
20140427.0108.52 info  HOST0          Chants loaded     : 248
20140427.0108.52 info  HOST0          Languages loaded  : 19
20140427.0108.52 info  HOST0          Properties loaded : 218
20140427.0108.53 info  HOST0          Prayers loaded    : 242
20140427.0108.53 info  HOST0          Skills loaded     : 270
20140427.0108.53 info  HOST0          Songs loaded      : 140
20140427.0108.54 info  HOST0          Spells loaded     : 341
20140427.0108.54 info  HOST0          Heroics loaded    : 6
20140427.0108.54 info  HOST0          Tech Skills loaded: 2
20140427.0108.54 info  HOST0          Traps loaded      : 75
20140427.0108.54 info  HOST0          Basic Items loaded: 95
20140427.0108.54 info  HOST0          Weapons loaded    : 57
20140427.0108.54 info  HOST0          Armor loaded      : 47
20140427.0108.54 info  HOST0          Magic Items loaded: 41
20140427.0108.54 info  HOST0          Clan Items loaded : 19
20140427.0108.55 info  HOST0          Electronics loaded: 52
20140427.0108.55 info  HOST0          Behaviors loaded  : 94
20140427.0108.55 info  HOST0          Commands loaded   : 266
20140427.0108.57 info  HOST0          Expertises defined: 1428
20140427.0108.57 info  HOST0          Channels loaded   : 20
20140427.0108.57 info  HOST0          Socials loaded    : 308
20140427.0108.57 info  HOST0          Clans loaded      : 0
20140427.0108.57 info  CM1Server0@277 Started CM1Server0@27733 on port 27733
20140427.0108.57 info  I3Server       InterMud3 Core (c)1996 George Reese
20140427.0108.57 error Intermud       Please set ADMINEMAIL in your coffeemud.ini file.
20140427.0108.57 info  Intermud3      I3 client connection: 204.209.44.3@8080
20140427.0108.57 info  I3Server       InterMud3 Server started on port 27766
20140427.0108.58 info  HOST0          Loading catalog...
20140427.0108.58 info  HOST0          Loading map...
20140427.0108.58 info  HOST0          Preparing map...
20140427.0108.58 info  HOST0          Mapped rooms      : 8 in 2 areas
20140427.0108.58 info  HOST0          Services and utilities started
20140427.0108.58 info  HOST0          Host#0 initializated.
20140427.0108.58 info  MUD            Initialization complete.
20140427.0109.01 info  Worker0#1      Connection from 127.0.0.1
20140427.0109.09 info  Worker0#3      Creating user: Vicbot
20140427.0115.29 info  Worker0#2      Connection from 127.0.0.1
20140427.0115.35 info  Worker0#2      127.0.0.1 mushclient MXP CMP ANSI, character login: Vic
20140427.0115.39 error CommandProcess Vic starts system shutdown...
20140427.0115.40 info  Shutdown0      New Connections are now closed
20140427.0115.40 info  ServiceEngine  Scheduler stopped
20140427.0115.40 info  Shutdown0      All users saved.
20140427.0115.40 info  Shutdown0      Stats saved.
20140427.0115.40 info  Shutdown0      Notifying all objects of shutdown...
20140427.0115.41 info  CM1Server      Shutdown complete
20140427.0115.43 info  Shutdown0      CM1Server0@27733 stopped
20140427.0115.43 info  Intermud       Shutdown!!!
20140427.0115.43 info  Shutdown0      I3Server stopped
20140427.0115.43 info  Shutdown0      Disconnect: 127.0.0.1 (7m)
20140427.0115.46 info  Shutdown0      All users logged off.
20140427.0115.46 info  SMTP           Shutting down.
20140427.0115.49 info  Shutdown0      SMTP Server stopped.
20140427.0115.50 info  ServiceEngine  Shutdown complete.
20140427.0115.50 info  Shutdown0      Map Threads Stopped.
20140427.0115.50 info  Shutdown0      Resources Cleared.
20140427.0115.50 info  Shutdown0      Database connections closed.
20140427.0115.50 info  mweb-pub0      Shutdown complete
20140427.0115.50 info  mweb-pub0Timeo Timeout Thread shutdown
20140427.0115.50 info  Shutdown0      Web server mweb-pub0 stopped.
20140427.0115.50 info  mweb-admin0    Shutdown complete
20140427.0115.50 info  Shutdown0      Web server mweb-admin0 stopped.
20140427.0115.50 info  mweb-admin0Tim Timeout Thread shutdown
20140427.0115.50 info  Shutdown0      CoffeeMud shutdown complete.
20140427.0115.50 info  Shutdown0      Logout: Vic (16s)
20140427.0115.50 info  Shutdown0      Disconnect: Vic: 127.0.0.1 (22s)
20140427.0115.51 info  MUD@5555       Server cleaning up.
20140427.0115.51 info  MUD@5555       MUD on port 5555 stopped!
