20140425.2325.13 info  MUD            CoffeeMud v5.8.1.1
20140425.2325.13 info  MUD            (C) 2000-2014 Bo Zimmerman
20140425.2325.13 info  MUD            http://www.coffeemud.org
20140425.2325.13 info  HOST0          Disabled subsystems: COMMAND_POSE, QUITREASON, RETIREREASON
20140425.2325.13 info  MUD@5555       MUD Server started on port: 5555
20140425.2325.14 error DBConnections  Access denied for user ''@'localhost' (using password: NO)
java.sql.SQLException: Access denied for user ''@'localhost' (using password: NO)
	at com.mysql.jdbc.SQLError.createSQLException(SQLError.java:1084)
	at com.mysql.jdbc.MysqlIO.checkErrorPacket(MysqlIO.java:4232)
	at com.mysql.jdbc.MysqlIO.checkErrorPacket(MysqlIO.java:4164)
	at com.mysql.jdbc.MysqlIO.checkErrorPacket(MysqlIO.java:926)
	at com.mysql.jdbc.MysqlIO.proceedHandshakeWithPluggableAuthentication(MysqlIO.java:1748)
	at com.mysql.jdbc.MysqlIO.doHandshake(MysqlIO.java:1288)
	at com.mysql.jdbc.ConnectionImpl.coreConnect(ConnectionImpl.java:2506)
	at com.mysql.jdbc.ConnectionImpl.connectOneTryOnly(ConnectionImpl.java:2539)
	at com.mysql.jdbc.ConnectionImpl.createNewIO(ConnectionImpl.java:2321)
	at com.mysql.jdbc.ConnectionImpl.<init>(ConnectionImpl.java:832)
	at com.mysql.jdbc.JDBC4Connection.<init>(JDBC4Connection.java:46)
	at sun.reflect.NativeConstructorAccessorImpl.newInstance0(Native Method)
	at sun.reflect.NativeConstructorAccessorImpl.newInstance(NativeConstructorAccessorImpl.java:57)
	at sun.reflect.DelegatingConstructorAccessorImpl.newInstance(DelegatingConstructorAccessorImpl.java:45)
	at java.lang.reflect.Constructor.newInstance(Constructor.java:526)
	at com.mysql.jdbc.Util.handleNewInstance(Util.java:409)
	at com.mysql.jdbc.ConnectionImpl.getInstance(ConnectionImpl.java:417)
	at com.mysql.jdbc.NonRegisteringDriver.connect(NonRegisteringDriver.java:344)
	at java.sql.DriverManager.getConnection(DriverManager.java:571)
	at java.sql.DriverManager.getConnection(DriverManager.java:187)
	at com.planet_ink.coffee_mud.core.database.DBConnection.<init>(DBConnection.java:119)
	at com.planet_ink.coffee_mud.core.database.DBConnections.DBFetchAny(DBConnections.java:341)
	at com.planet_ink.coffee_mud.core.database.DBConnections.DBFetch(DBConnections.java:312)
	at com.planet_ink.coffee_mud.core.database.DBConnector.DBFetch(DBConnector.java:154)
	at com.planet_ink.coffee_mud.application.MUD$HostGroup.initHost(MUD.java:972)
	at com.planet_ink.coffee_mud.application.MUD$HostGroup.run(MUD.java:1334)
20140425.2325.14 error HOST0          Fatal database error: <BR>#101 DBCONNECTIONS REPORTING A DISCONNECTED STATE<BR>Connections in use=0/0
20140425.2325.14 error MUD            CoffeeMud failed to start.
